[1/11] cl /c /Zc:__cplusplus /Zp8 /GR /W3 /EHs /nologo /MD /D_CRT_SECURE_NO_DEPRECATE /D_SCL_SECURE_NO_DEPRECATE /D_SECURE_SCL=0   /DMATLAB_MEX_FILE  /DMATLAB_MEX_FILE /O2 /Oy- /DNDEBUG /fp:strict /utf-8 /I "." /I "C:\Users\thatf\OneDrive\Documents\ASA\AC Optimal Control\PSP-ASA-Optimal-Control-AC" /I "C:\Users\thatf\OneDrive\Documents\ASA\AC Optimal Control\PSP-ASA-Optimal-Control-AC\CasADi\include" /I ".\interface" /I "C:\Program Files\MATLAB\R2024b\extern\include" /I "." -DMODEL=fun_codable_mex   fun_codable_data.c /Fobuild\win64\fun_codable_data.obj
fun_codable_data.c
[2/11] cl /c /Zc:__cplusplus /Zp8 /GR /W3 /EHs /nologo /MD /D_CRT_SECURE_NO_DEPRECATE /D_SCL_SECURE_NO_DEPRECATE /D_SECURE_SCL=0   /DMATLAB_MEX_FILE  /DMATLAB_MEX_FILE /O2 /Oy- /DNDEBUG /fp:strict /utf-8 /I "." /I "C:\Users\thatf\OneDrive\Documents\ASA\AC Optimal Control\PSP-ASA-Optimal-Control-AC" /I "C:\Users\thatf\OneDrive\Documents\ASA\AC Optimal Control\PSP-ASA-Optimal-Control-AC\CasADi\include" /I ".\interface" /I "C:\Program Files\MATLAB\R2024b\extern\include" /I "." -DMODEL=fun_codable_mex   "C:\Program Files\MATLAB\R2024b\extern\version\c_mexapi_version.c" /Fobuild\win64\c_mexapi_version.obj
c_mexapi_version.c
[3/11] cl /c /Zc:__cplusplus /Zp8 /GR /W3 /EHs /nologo /MD /D_CRT_SECURE_NO_DEPRECATE /D_SCL_SECURE_NO_DEPRECATE /D_SECURE_SCL=0   /DMATLAB_MEX_FILE  /DMATLAB_MEX_FILE /O2 /Oy- /DNDEBUG /fp:strict /utf-8 /I "." /I "C:\Users\thatf\OneDrive\Documents\ASA\AC Optimal Control\PSP-ASA-Optimal-Control-AC" /I "C:\Users\thatf\OneDrive\Documents\ASA\AC Optimal Control\PSP-ASA-Optimal-Control-AC\CasADi\include" /I ".\interface" /I "C:\Program Files\MATLAB\R2024b\extern\include" /I "." -DMODEL=fun_codable_mex   rt_nonfinite.c /Fobuild\win64\rt_nonfinite.obj
rt_nonfinite.c
[4/11] cl /c /Zc:__cplusplus /Zp8 /GR /W3 /EHs /nologo /MD /D_CRT_SECURE_NO_DEPRECATE /D_SCL_SECURE_NO_DEPRECATE /D_SECURE_SCL=0   /DMATLAB_MEX_FILE  /DMATLAB_MEX_FILE /O2 /Oy- /DNDEBUG /fp:strict /utf-8 /I "." /I "C:\Users\thatf\OneDrive\Documents\ASA\AC Optimal Control\PSP-ASA-Optimal-Control-AC" /I "C:\Users\thatf\OneDrive\Documents\ASA\AC Optimal Control\PSP-ASA-Optimal-Control-AC\CasADi\include" /I ".\interface" /I "C:\Program Files\MATLAB\R2024b\extern\include" /I "." -DMODEL=fun_codable_mex   fun_codable_terminate.c /Fobuild\win64\fun_codable_terminate.obj
fun_codable_terminate.c
[5/11] cl /c /Zc:__cplusplus /Zp8 /GR /W3 /EHs /nologo /MD /D_CRT_SECURE_NO_DEPRECATE /D_SCL_SECURE_NO_DEPRECATE /D_SECURE_SCL=0   /DMATLAB_MEX_FILE  /DMATLAB_MEX_FILE /O2 /Oy- /DNDEBUG /fp:strict /utf-8 /I "." /I "C:\Users\thatf\OneDrive\Documents\ASA\AC Optimal Control\PSP-ASA-Optimal-Control-AC" /I "C:\Users\thatf\OneDrive\Documents\ASA\AC Optimal Control\PSP-ASA-Optimal-Control-AC\CasADi\include" /I ".\interface" /I "C:\Program Files\MATLAB\R2024b\extern\include" /I "." -DMODEL=fun_codable_mex   fun_codable_initialize.c /Fobuild\win64\fun_codable_initialize.obj
fun_codable_initialize.c
[6/11] cl /c /Zc:__cplusplus /Zp8 /GR /W3 /EHs /nologo /MD /D_CRT_SECURE_NO_DEPRECATE /D_SCL_SECURE_NO_DEPRECATE /D_SECURE_SCL=0   /DMATLAB_MEX_FILE  /DMATLAB_MEX_FILE /O2 /Oy- /DNDEBUG /fp:strict /utf-8 /I "." /I "C:\Users\thatf\OneDrive\Documents\ASA\AC Optimal Control\PSP-ASA-Optimal-Control-AC" /I "C:\Users\thatf\OneDrive\Documents\ASA\AC Optimal Control\PSP-ASA-Optimal-Control-AC\CasADi\include" /I ".\interface" /I "C:\Program Files\MATLAB\R2024b\extern\include" /I "." -DMODEL=fun_codable_mex   fun_codable.c /Fobuild\win64\fun_codable.obj
fun_codable.c
[7/11] cl /c /Zc:__cplusplus /Zp8 /GR /W3 /EHs /nologo /MD /D_CRT_SECURE_NO_DEPRECATE /D_SCL_SECURE_NO_DEPRECATE /D_SECURE_SCL=0   /DMATLAB_MEX_FILE  /DMATLAB_MEX_FILE /O2 /Oy- /DNDEBUG /fp:strict /utf-8 /I "." /I "C:\Users\thatf\OneDrive\Documents\ASA\AC Optimal Control\PSP-ASA-Optimal-Control-AC" /I "C:\Users\thatf\OneDrive\Documents\ASA\AC Optimal Control\PSP-ASA-Optimal-Control-AC\CasADi\include" /I ".\interface" /I "C:\Program Files\MATLAB\R2024b\extern\include" /I "." -DMODEL=fun_codable_mex   interface\_coder_fun_codable_mex.c /Fobuild\win64\_coder_fun_codable_mex.obj
_coder_fun_codable_mex.c
[8/11] cl /c /Zc:__cplusplus /Zp8 /GR /W3 /EHs /nologo /MD /D_CRT_SECURE_NO_DEPRECATE /D_SCL_SECURE_NO_DEPRECATE /D_SECURE_SCL=0   /DMATLAB_MEX_FILE  /DMATLAB_MEX_FILE /O2 /Oy- /DNDEBUG /fp:strict /utf-8 /I "." /I "C:\Users\thatf\OneDrive\Documents\ASA\AC Optimal Control\PSP-ASA-Optimal-Control-AC" /I "C:\Users\thatf\OneDrive\Documents\ASA\AC Optimal Control\PSP-ASA-Optimal-Control-AC\CasADi\include" /I ".\interface" /I "C:\Program Files\MATLAB\R2024b\extern\include" /I "." -DMODEL=fun_codable_mex   interface\_coder_fun_codable_info.c /Fobuild\win64\_coder_fun_codable_info.obj
_coder_fun_codable_info.c
[9/11] cl /c /Zc:__cplusplus /Zp8 /GR /W3 /EHs /nologo /MD /D_CRT_SECURE_NO_DEPRECATE /D_SCL_SECURE_NO_DEPRECATE /D_SECURE_SCL=0   /DMATLAB_MEX_FILE  /DMATLAB_MEX_FILE /O2 /Oy- /DNDEBUG /fp:strict /utf-8 /I "." /I "C:\Users\thatf\OneDrive\Documents\ASA\AC Optimal Control\PSP-ASA-Optimal-Control-AC" /I "C:\Users\thatf\OneDrive\Documents\ASA\AC Optimal Control\PSP-ASA-Optimal-Control-AC\CasADi\include" /I ".\interface" /I "C:\Program Files\MATLAB\R2024b\extern\include" /I "." -DMODEL=fun_codable_mex   interface\_coder_fun_codable_api.c /Fobuild\win64\_coder_fun_codable_api.obj
_coder_fun_codable_api.c
[10/11] cl /c /Zc:__cplusplus /Zp8 /GR /W3 /EHs /nologo /MD /D_CRT_SECURE_NO_DEPRECATE /D_SCL_SECURE_NO_DEPRECATE /D_SECURE_SCL=0   /DMATLAB_MEX_FILE  /DMATLAB_MEX_FILE /O2 /Oy- /DNDEBUG /fp:strict /utf-8 /I "." /I "C:\Users\thatf\OneDrive\Documents\ASA\AC Optimal Control\PSP-ASA-Optimal-Control-AC" /I "C:\Users\thatf\OneDrive\Documents\ASA\AC Optimal Control\PSP-ASA-Optimal-Control-AC\CasADi\include" /I ".\interface" /I "C:\Program Files\MATLAB\R2024b\extern\include" /I "." -DMODEL=fun_codable_mex   "C:\Users\thatf\OneDrive\Documents\ASA\AC Optimal Control\PSP-ASA-Optimal-Control-AC\F.c" /Fobuild\win64\F.obj
F.c
C:\Users\thatf\OneDrive\Documents\ASA\AC Optimal Control\PSP-ASA-Optimal-Control-AC\F.c(479): warning C4244: 'function': conversion from 'const __int64' to 'ipindex', possible loss of data
C:\Users\thatf\OneDrive\Documents\ASA\AC Optimal Control\PSP-ASA-Optimal-Control-AC\F.c(480): warning C4244: 'function': conversion from 'const __int64' to 'ipindex', possible loss of data
C:\Users\thatf\OneDrive\Documents\ASA\AC Optimal Control\PSP-ASA-Optimal-Control-AC\F.c(482): warning C4244: 'function': conversion from 'const __int64' to 'ipindex', possible loss of data
C:\Users\thatf\OneDrive\Documents\ASA\AC Optimal Control\PSP-ASA-Optimal-Control-AC\F.c(482): warning C4244: 'function': conversion from 'const __int64' to 'ipindex', possible loss of data
C:\Users\thatf\OneDrive\Documents\ASA\AC Optimal Control\PSP-ASA-Optimal-Control-AC\F.c(518): warning C4244: '=': conversion from 'const __int64' to 'ipindex', possible loss of data
C:\Users\thatf\OneDrive\Documents\ASA\AC Optimal Control\PSP-ASA-Optimal-Control-AC\F.c(519): warning C4244: '=': conversion from '__int64' to 'ipindex', possible loss of data
[11/11] link @fun_codable_mex.mexw64.rsp "C:\Users\thatf\OneDrive\Documents\ASA\AC Optimal Control\PSP-ASA-Optimal-Control-AC\CasADi\ipopt.lib" /nologo    /DLL /LIBPATH:"C:\Program Files\MATLAB\R2024b\extern\lib\win64\microsoft" libmx.lib libmex.lib libmat.lib kernel32.lib user32.lib gdi32.lib winspool.lib comdlg32.lib advapi32.lib shell32.lib ole32.lib oleaut32.lib uuid.lib odbc32.lib odbccp32.lib  /out:"fun_codable_mex.mexw64" libemlrt.lib libcovrt.lib libut.lib libmwmathutil.lib  /export:mexFunction /export:mexfilerequiredapiversion /export:emlrtMexFcnProperties /export:fun_codable /export:fun_codable_initialize /export:fun_codable_terminate /export:fun_codable_atexit
   Creating library fun_codable_mex.lib and object fun_codable_mex.exp
