[1/11] cl /c /Zc:__cplusplus /Zp8 /GR /W3 /EHs /nologo /MD /D_CRT_SECURE_NO_DEPRECATE /D_SCL_SECURE_NO_DEPRECATE /D_SECURE_SCL=0   /DMATLAB_MEX_FILE  /DMATLAB_MEX_FILE /O2 /Oy- /DNDEBUG /fp:strict /utf-8 /I "." /I "C:\Users\thatf\OneDrive\Documents\ASA\AC Optimal Control\PSP-ASA-Optimal-Control-AC" /I "C:\Users\thatf\OneDrive\Documents\ASA\AC Optimal Control\PSP-ASA-Optimal-Control-AC\CasADi\include" /I ".\interface" /I "C:\Program Files\MATLAB\R2024b\extern\include" /I "." -DMODEL=TrajOptimizer_codable_mex   TrajOptimizer_codable_data.c /Fobuild\win64\TrajOptimizer_codable_data.obj
TrajOptimizer_codable_data.c
[2/11] cl /c /Zc:__cplusplus /Zp8 /GR /W3 /EHs /nologo /MD /D_CRT_SECURE_NO_DEPRECATE /D_SCL_SECURE_NO_DEPRECATE /D_SECURE_SCL=0   /DMATLAB_MEX_FILE  /DMATLAB_MEX_FILE /O2 /Oy- /DNDEBUG /fp:strict /utf-8 /I "." /I "C:\Users\thatf\OneDrive\Documents\ASA\AC Optimal Control\PSP-ASA-Optimal-Control-AC" /I "C:\Users\thatf\OneDrive\Documents\ASA\AC Optimal Control\PSP-ASA-Optimal-Control-AC\CasADi\include" /I ".\interface" /I "C:\Program Files\MATLAB\R2024b\extern\include" /I "." -DMODEL=TrajOptimizer_codable_mex   TrajOptimizer_codable.c /Fobuild\win64\TrajOptimizer_codable.obj
TrajOptimizer_codable.c
TrajOptimizer_codable.c(52): warning C4090: 'function': different 'const' qualifiers
TrajOptimizer_codable.c(52): warning C4090: 'function': different 'const' qualifiers
TrajOptimizer_codable.c(52): warning C4047: 'function': 'const double **' differs in levels of indirection from 'real_T *'
TrajOptimizer_codable.c(52): warning C4024: 'Traj3DoF_unrolled': different types for formal and actual parameter 4
TrajOptimizer_codable.c(53): warning C4047: 'function': 'double **' differs in levels of indirection from 'real_T *'
TrajOptimizer_codable.c(53): warning C4024: 'Traj3DoF_unrolled': different types for formal and actual parameter 5
TrajOptimizer_codable.c(53): warning C4047: 'function': '__int64 *' differs in levels of indirection from 'const double **'
TrajOptimizer_codable.c(53): warning C4024: 'Traj3DoF_unrolled': different types for formal and actual parameter 6
TrajOptimizer_codable.c(53): warning C4047: 'function': 'double *' differs in levels of indirection from 'double **'
TrajOptimizer_codable.c(53): warning C4024: 'Traj3DoF_unrolled': different types for formal and actual parameter 7
TrajOptimizer_codable.c(53): warning C4047: 'function': 'int' differs in levels of indirection from 'void *'
TrajOptimizer_codable.c(53): warning C4024: 'Traj3DoF_unrolled': different types for formal and actual parameter 8
TrajOptimizer_codable.c(53): warning C4020: 'Traj3DoF_unrolled': too many actual parameters
[3/11] cl /c /Zc:__cplusplus /Zp8 /GR /W3 /EHs /nologo /MD /D_CRT_SECURE_NO_DEPRECATE /D_SCL_SECURE_NO_DEPRECATE /D_SECURE_SCL=0   /DMATLAB_MEX_FILE  /DMATLAB_MEX_FILE /O2 /Oy- /DNDEBUG /fp:strict /utf-8 /I "." /I "C:\Users\thatf\OneDrive\Documents\ASA\AC Optimal Control\PSP-ASA-Optimal-Control-AC" /I "C:\Users\thatf\OneDrive\Documents\ASA\AC Optimal Control\PSP-ASA-Optimal-Control-AC\CasADi\include" /I ".\interface" /I "C:\Program Files\MATLAB\R2024b\extern\include" /I "." -DMODEL=TrajOptimizer_codable_mex   TrajOptimizer_codable_terminate.c /Fobuild\win64\TrajOptimizer_codable_terminate.obj
TrajOptimizer_codable_terminate.c
[4/11] cl /c /Zc:__cplusplus /Zp8 /GR /W3 /EHs /nologo /MD /D_CRT_SECURE_NO_DEPRECATE /D_SCL_SECURE_NO_DEPRECATE /D_SECURE_SCL=0   /DMATLAB_MEX_FILE  /DMATLAB_MEX_FILE /O2 /Oy- /DNDEBUG /fp:strict /utf-8 /I "." /I "C:\Users\thatf\OneDrive\Documents\ASA\AC Optimal Control\PSP-ASA-Optimal-Control-AC" /I "C:\Users\thatf\OneDrive\Documents\ASA\AC Optimal Control\PSP-ASA-Optimal-Control-AC\CasADi\include" /I ".\interface" /I "C:\Program Files\MATLAB\R2024b\extern\include" /I "." -DMODEL=TrajOptimizer_codable_mex   "C:\Program Files\MATLAB\R2024b\extern\version\c_mexapi_version.c" /Fobuild\win64\c_mexapi_version.obj
c_mexapi_version.c
[5/11] cl /c /Zc:__cplusplus /Zp8 /GR /W3 /EHs /nologo /MD /D_CRT_SECURE_NO_DEPRECATE /D_SCL_SECURE_NO_DEPRECATE /D_SECURE_SCL=0   /DMATLAB_MEX_FILE  /DMATLAB_MEX_FILE /O2 /Oy- /DNDEBUG /fp:strict /utf-8 /I "." /I "C:\Users\thatf\OneDrive\Documents\ASA\AC Optimal Control\PSP-ASA-Optimal-Control-AC" /I "C:\Users\thatf\OneDrive\Documents\ASA\AC Optimal Control\PSP-ASA-Optimal-Control-AC\CasADi\include" /I ".\interface" /I "C:\Program Files\MATLAB\R2024b\extern\include" /I "." -DMODEL=TrajOptimizer_codable_mex   interface\_coder_TrajOptimizer_codable_info.c /Fobuild\win64\_coder_TrajOptimizer_codable_info.obj
_coder_TrajOptimizer_codable_info.c
[6/11] cl /c /Zc:__cplusplus /Zp8 /GR /W3 /EHs /nologo /MD /D_CRT_SECURE_NO_DEPRECATE /D_SCL_SECURE_NO_DEPRECATE /D_SECURE_SCL=0   /DMATLAB_MEX_FILE  /DMATLAB_MEX_FILE /O2 /Oy- /DNDEBUG /fp:strict /utf-8 /I "." /I "C:\Users\thatf\OneDrive\Documents\ASA\AC Optimal Control\PSP-ASA-Optimal-Control-AC" /I "C:\Users\thatf\OneDrive\Documents\ASA\AC Optimal Control\PSP-ASA-Optimal-Control-AC\CasADi\include" /I ".\interface" /I "C:\Program Files\MATLAB\R2024b\extern\include" /I "." -DMODEL=TrajOptimizer_codable_mex   TrajOptimizer_codable_initialize.c /Fobuild\win64\TrajOptimizer_codable_initialize.obj
TrajOptimizer_codable_initialize.c
[7/11] cl /c /Zc:__cplusplus /Zp8 /GR /W3 /EHs /nologo /MD /D_CRT_SECURE_NO_DEPRECATE /D_SCL_SECURE_NO_DEPRECATE /D_SECURE_SCL=0   /DMATLAB_MEX_FILE  /DMATLAB_MEX_FILE /O2 /Oy- /DNDEBUG /fp:strict /utf-8 /I "." /I "C:\Users\thatf\OneDrive\Documents\ASA\AC Optimal Control\PSP-ASA-Optimal-Control-AC" /I "C:\Users\thatf\OneDrive\Documents\ASA\AC Optimal Control\PSP-ASA-Optimal-Control-AC\CasADi\include" /I ".\interface" /I "C:\Program Files\MATLAB\R2024b\extern\include" /I "." -DMODEL=TrajOptimizer_codable_mex   rt_nonfinite.c /Fobuild\win64\rt_nonfinite.obj
rt_nonfinite.c
[8/11] cl /c /Zc:__cplusplus /Zp8 /GR /W3 /EHs /nologo /MD /D_CRT_SECURE_NO_DEPRECATE /D_SCL_SECURE_NO_DEPRECATE /D_SECURE_SCL=0   /DMATLAB_MEX_FILE  /DMATLAB_MEX_FILE /O2 /Oy- /DNDEBUG /fp:strict /utf-8 /I "." /I "C:\Users\thatf\OneDrive\Documents\ASA\AC Optimal Control\PSP-ASA-Optimal-Control-AC" /I "C:\Users\thatf\OneDrive\Documents\ASA\AC Optimal Control\PSP-ASA-Optimal-Control-AC\CasADi\include" /I ".\interface" /I "C:\Program Files\MATLAB\R2024b\extern\include" /I "." -DMODEL=TrajOptimizer_codable_mex   interface\_coder_TrajOptimizer_codable_mex.c /Fobuild\win64\_coder_TrajOptimizer_codable_mex.obj
_coder_TrajOptimizer_codable_mex.c
[9/11] cl /c /Zc:__cplusplus /Zp8 /GR /W3 /EHs /nologo /MD /D_CRT_SECURE_NO_DEPRECATE /D_SCL_SECURE_NO_DEPRECATE /D_SECURE_SCL=0   /DMATLAB_MEX_FILE  /DMATLAB_MEX_FILE /O2 /Oy- /DNDEBUG /fp:strict /utf-8 /I "." /I "C:\Users\thatf\OneDrive\Documents\ASA\AC Optimal Control\PSP-ASA-Optimal-Control-AC" /I "C:\Users\thatf\OneDrive\Documents\ASA\AC Optimal Control\PSP-ASA-Optimal-Control-AC\CasADi\include" /I ".\interface" /I "C:\Program Files\MATLAB\R2024b\extern\include" /I "." -DMODEL=TrajOptimizer_codable_mex   interface\_coder_TrajOptimizer_codable_api.c /Fobuild\win64\_coder_TrajOptimizer_codable_api.obj
_coder_TrajOptimizer_codable_api.c
[10/11] cl /c /Zc:__cplusplus /Zp8 /GR /W3 /EHs /nologo /MD /D_CRT_SECURE_NO_DEPRECATE /D_SCL_SECURE_NO_DEPRECATE /D_SECURE_SCL=0   /DMATLAB_MEX_FILE  /DMATLAB_MEX_FILE /O2 /Oy- /DNDEBUG /fp:strict /utf-8 /I "." /I "C:\Users\thatf\OneDrive\Documents\ASA\AC Optimal Control\PSP-ASA-Optimal-Control-AC" /I "C:\Users\thatf\OneDrive\Documents\ASA\AC Optimal Control\PSP-ASA-Optimal-Control-AC\CasADi\include" /I ".\interface" /I "C:\Program Files\MATLAB\R2024b\extern\include" /I "." -DMODEL=TrajOptimizer_codable_mex   "C:\Users\thatf\OneDrive\Documents\ASA\AC Optimal Control\PSP-ASA-Optimal-Control-AC\Traj3DoF.c" /Fobuild\win64\Traj3DoF.obj
Traj3DoF.c
C:\Users\thatf\OneDrive\Documents\ASA\AC Optimal Control\PSP-ASA-Optimal-Control-AC\Traj3DoF.c(405): warning C4244: 'function': conversion from 'const __int64' to 'ipindex', possible loss of data
C:\Users\thatf\OneDrive\Documents\ASA\AC Optimal Control\PSP-ASA-Optimal-Control-AC\Traj3DoF.c(406): warning C4244: 'function': conversion from 'const __int64' to 'ipindex', possible loss of data
C:\Users\thatf\OneDrive\Documents\ASA\AC Optimal Control\PSP-ASA-Optimal-Control-AC\Traj3DoF.c(408): warning C4244: 'function': conversion from 'const __int64' to 'ipindex', possible loss of data
C:\Users\thatf\OneDrive\Documents\ASA\AC Optimal Control\PSP-ASA-Optimal-Control-AC\Traj3DoF.c(408): warning C4244: 'function': conversion from 'const __int64' to 'ipindex', possible loss of data
C:\Users\thatf\OneDrive\Documents\ASA\AC Optimal Control\PSP-ASA-Optimal-Control-AC\Traj3DoF.c(444): warning C4244: '=': conversion from 'const __int64' to 'ipindex', possible loss of data
C:\Users\thatf\OneDrive\Documents\ASA\AC Optimal Control\PSP-ASA-Optimal-Control-AC\Traj3DoF.c(445): warning C4244: '=': conversion from '__int64' to 'ipindex', possible loss of data
[11/11] link @TrajOptimizer_codable_mex.mexw64.rsp "C:\Users\thatf\OneDrive\Documents\ASA\AC Optimal Control\PSP-ASA-Optimal-Control-AC\CasADi\ipopt.lib" /nologo    /DLL /LIBPATH:"C:\Program Files\MATLAB\R2024b\extern\lib\win64\microsoft" libmx.lib libmex.lib libmat.lib kernel32.lib user32.lib gdi32.lib winspool.lib comdlg32.lib advapi32.lib shell32.lib ole32.lib oleaut32.lib uuid.lib odbc32.lib odbccp32.lib  /out:"TrajOptimizer_codable_mex.mexw64" libemlrt.lib libcovrt.lib libut.lib libmwmathutil.lib  /export:mexFunction /export:mexfilerequiredapiversion /export:emlrtMexFcnProperties /export:TrajOptimizer_codable /export:TrajOptimizer_codable_initialize /export:TrajOptimizer_codable_terminate /export:TrajOptimizer_codable_atexit
   Creating library TrajOptimizer_codable_mex.lib and object TrajOptimizer_codable_mex.exp
